--2017-04-26 10:56:37--  http://www.inference.phy.cam.ac.uk/itprnn/book.pdf
Resolving www.inference.phy.cam.ac.uk... 129.169.149.99
Connecting to www.inference.phy.cam.ac.uk|129.169.149.99|:80... connected.
HTTP request sent, awaiting response... 200 OK
Length: 11675219 (11M) [application/pdf]
Saving to: ‘book.pdf’

     0K .......... .......... .......... .......... ..........  0% 69.6K 2m43s
    50K .......... .......... .......... .......... ..........  0%  207K 1m48s
   100K .......... .......... .......... .......... ..........  1%  204K 90s
   150K .......... .......... .......... .......... ..........  1%  197K 82s
   200K .......... .......... .......... .......... ..........  2%  271M 65s
   250K .......... .......... .......... .......... ..........  2%  287M 54s
   300K .......... .......... .......... .......... ..........  3% 50.7K 77s
   350K .......... .......... .......... .......... ..........  3%  197K 74s
   400K .......... .......... .......... .......... ..........  3%  202K 72s
   450K .......... .......... .......... .......... ..........  4%  134K 72s
   500K .......... .......... .......... .......... ..........  4%  248M 65s
   550K .......... .......... .......... .......... ..........  5% 52.0K 77s
   600K .......... .......... .......... .......... ..........  5% 53.0K 86s
   650K .......... .......... .......... .......... ..........  6% 42.6K 98s
   700K .......... .......... .......... .......... ..........  6% 49.3K 1m45s
   750K .......... .......... .......... .......... ..........  7% 60.3K 1m49s
   800K .......... .......... .......... .......... ..........  7% 40.6K 1m58s
   850K .......... .......... .......... .......... ..........  7% 52.0K 2m2s
   900K .......... .......... .......... .......... ..........  8% 26.4K 2m16s
   950K .......... .......... .......... .......... ..........  8% 32.8K 2m24s
  1000K .......... .......... .......... .......... ..........  9% 52.1K 2m26s
  1050K .......... .......... .......... .......... ..........  9% 72.5K 2m25s
  1100K .......... .......... .......... .......... .......... 10% 73.8K 2m24s
  1150K .......... .......... .......... .......... .......... 10% 96.3K 2m22s
  1200K .......... .......... .......... .......... .......... 10%  104K 2m20s
  1250K .......... .......... .......... .......... .......... 11% 14.1K 2m41s
  1300K .......... .......... .......... .......... .......... 11% 32.8K 2m46s
  1350K .......... .......... .......... .......... .......... 12% 33.2K 2m50s
  1400K .......... .......... .......... .......... .......... 12% 53.6K 2m49s
  1450K .......... .......... .......... .......... .......... 13% 70.5K 2m48s
  1500K .......... .......... .......... .......... .......... 13%  106K 2m44s
  1550K .......... .......... .......... .......... .......... 14% 72.7K 2m43s
  1600K .......... .......... .......... .......... .......... 14% 43.2K 2m44s
  1650K .......... .......... .......... .......... .......... 14% 69.9K 2m42s
  1700K .......... .......... .......... .......... .......... 15% 39.5K 2m44s
  1750K .......... .......... .......... .......... .......... 15% 71.6K 2m42s
  1800K .......... .......... .......... .......... .......... 16% 36.1K 2m44s
  1850K .......... .......... .......... .......... .......... 16% 36.0K 2m46s
  1900K .......... .......... .......... .......... .......... 17% 53.9K 2m45s
  1950K .......... .......... .......... .......... .......... 17% 70.8K 2m44s
  2000K .......... .......... .......... .......... .......... 17% 73.1K 2m42s
  2050K .......... .......... .......... .......... .......... 18%  109K 2m39s
  2100K .......... .......... .......... .......... .......... 18%  108K 2m37s
  2150K .......... .......... .......... .......... .......... 19%  106K 2m34s
  2200K .......... .......... .......... .......... .......... 19%  118K 2m32s
  2250K .......... .......... .......... .......... .......... 20% 53.9K 2m31s
  2300K .......... .......... .......... .......... .......... 20% 71.2K 2m30s
  2350K .......... .......... .......... .......... .......... 21% 52.7K 2m30s
  2400K .......... .......... .......... .......... .......... 21% 35.3K 2m31s
  2450K .......... .......... .......... .......... .......... 21% 54.3K 2m30s
  2500K .......... .......... .......... .......... .......... 22% 88.1K 2m29s
  2550K .......... .......... .......... .......... .......... 22% 83.4K 2m27s
  2600K .......... .......... .......... .......... .......... 23% 53.7K 2m26s
  2650K .......... .......... .......... .......... .......... 23% 71.6K 2m25s
  2700K .......... .......... .......... .......... .......... 24% 72.6K 2m24s
  2750K .......... .......... .......... .......... .......... 24% 28.8K 2m26s
  2800K .......... .......... .......... .......... .......... 24% 44.3K 2m26s
  2850K .......... .......... .......... .......... .......... 25% 69.6K 2m24s
  2900K .......... .......... .......... .......... .......... 25% 88.6K 2m23s
  2950K .......... .......... .......... .......... .......... 26%  108K 2m21s
  3000K .......... .......... .......... .......... .......... 26% 70.9K 2m20s
  3050K .......... .......... .......... .......... .......... 27% 54.5K 2m19s
  3100K .......... .......... .......... .......... .......... 27% 35.8K 2m20s
  3150K .......... .......... .......... .......... .......... 28% 54.6K 2m19s
  3200K .......... .......... .......... .......... .......... 28%  108K 2m17s
  3250K .......... .......... .......... .......... .......... 28% 66.7K 2m16s
  3300K .......... .......... .......... .......... .......... 29% 52.9K 2m16s
  3350K .......... .......... .......... .......... .......... 29% 70.8K 2m14s
  3400K .......... .......... .......... .......... .......... 30% 70.5K 2m13s
  3450K .......... .......... .......... .......... .......... 30% 68.9K 2m12s
  3500K .......... .......... .......... .......... .......... 31% 40.9K 2m12s
  3550K .......... .......... .......... .......... .......... 31% 69.7K 2m11s
  3600K .......... .......... .......... .......... .......... 32% 86.1K 2m10s
  3650K .......... .......... .......... .......... .......... 32%  104K 2m8s
  3700K .......... .......... .......... .......... .......... 32%  104K 2m7s
  3750K .......... .......... .......... .......... .......... 33%  131K 2m5s
  3800K .......... .......... .......... .......... .......... 33% 97.5K 2m3s
  3850K .......... .......... .......... .......... .......... 34%  144K 2m2s
  3900K .......... .......... .......... .......... .......... 34%  127K 2m0s
  3950K .......... .......... .......... .......... .......... 35% 95.2K 1m59s
  4000K .......... .......... .......... .......... .......... 35% 50.7K 1m58s
  4050K .......... .......... .......... .......... .......... 35%  101K 1m57s
  4100K .......... .......... .......... .......... .......... 36%  155K 1m55s
  4150K .......... .......... .......... .......... .......... 36%  118K 1m54s
  4200K .......... .......... .......... .......... .......... 37%  100K 1m53s
  4250K .......... .......... .......... .......... .......... 37% 79.7K 1m52s
  4300K .......... .......... .......... .......... .......... 38% 57.6K 1m51s
  4350K .......... .......... .......... .......... .......... 38% 98.0K 1m50s
  4400K .......... .......... .......... .......... .......... 39% 67.0K 1m49s
  4450K .......... .......... .......... .......... .......... 39% 65.0K 1m48s
  4500K .......... .......... .......... .......... .......... 39% 23.7K 1m49s
  4550K .......... .......... .......... .......... .......... 40% 25.9K 1m50s
  4600K .......... .......... .......... .......... .......... 40% 47.3K 1m50s
  4650K .......... .......... .......... .......... .......... 41% 68.7K 1m49s
  4700K .......... .......... .......... .......... .......... 41% 76.0K 1m48s
  4750K .......... .......... .......... .......... .......... 42% 94.1K 1m47s
  4800K .......... .......... .......... .......... .......... 42%  108K 1m45s
  4850K .......... .......... .......... .......... .......... 42%  117K 1m44s
  4900K .......... .......... .......... .......... .......... 43%  134K 1m43s
  4950K .......... .......... .......... .......... .......... 43%  141K 1m41s
  5000K .......... .......... .......... .......... .......... 44%  106K 1m40s
  5050K .......... .......... .......... .......... .......... 44% 53.4K 99s
  5100K .......... .......... .......... .......... .......... 45% 70.2K 99s
  5150K .......... .......... .......... .......... .......... 45% 43.8K 98s
  5200K .......... .......... .......... .......... .......... 46% 91.4K 97s
  5250K .......... .......... .......... .......... .......... 46% 70.0K 96s
  5300K .......... .......... .......... .......... .......... 46%  104K 95s
  5350K .......... .......... .......... .......... .......... 47% 52.8K 94s
  5400K .......... .......... .......... .......... .......... 47% 68.8K 94s
  5450K .......... .......... .......... .......... .......... 48%  103K 93s
  5500K .......... .......... .......... .......... .......... 48%  102K 91s
  5550K .......... .......... .......... .......... .......... 49%  106K 90s
  5600K .......... .......... .......... .......... .......... 49%  109K 89s
  5650K .......... .......... .......... .......... .......... 49% 87.4K 88s
  5700K .......... .......... .......... .......... .......... 50% 50.6K 88s
  5750K .......... .......... .......... .......... .......... 50% 61.4K 87s
  5800K .......... .......... .......... .......... .......... 51% 50.8K 86s
  5850K .......... .......... .......... .......... .......... 51% 71.6K 86s
  5900K .......... .......... .......... .......... .......... 52% 41.7K 85s
  5950K .......... .......... .......... .......... .......... 52% 53.5K 84s
  6000K .......... .......... .......... .......... .......... 53% 38.8K 84s
  6050K .......... .......... .......... .......... .......... 53% 59.3K 83s
  6100K .......... .......... .......... .......... .......... 53% 71.7K 83s
  6150K .......... .......... .......... .......... .......... 54% 87.1K 82s
  6200K .......... .......... .......... .......... .......... 54% 85.2K 81s
  6250K .......... .......... .......... .......... .......... 55% 53.1K 80s
  6300K .......... .......... .......... .......... .......... 55% 68.2K 79s
  6350K .......... .......... .......... .......... .......... 56%  104K 78s
  6400K .......... .......... .......... .......... .......... 56% 34.8K 78s
  6450K .......... .......... .......... .......... .......... 57% 41.5K 77s
  6500K .......... .......... .......... .......... .......... 57% 60.3K 77s
  6550K .......... .......... .......... .......... .......... 57% 70.6K 76s
  6600K .......... .......... .......... .......... .......... 58% 99.9K 75s
  6650K .......... .......... .......... .......... .......... 58%  106K 74s
  6700K .......... .......... .......... .......... .......... 59%  107K 73s
  6750K .......... .......... .......... .......... .......... 59% 64.4K 72s
  6800K .......... .......... .......... .......... .......... 60% 66.3K 71s
  6850K .......... .......... .......... .......... .......... 60% 67.6K 70s
  6900K .......... .......... .......... .......... .......... 60% 98.4K 69s
  6950K .......... .......... .......... .......... .......... 61% 98.6K 68s
  7000K .......... .......... .......... .......... .......... 61% 66.9K 68s
  7050K .......... .......... .......... .......... .......... 62% 68.3K 67s
  7100K .......... .......... .......... .......... .......... 62% 68.2K 66s
  7150K .......... .......... .......... .......... .......... 63%  101K 65s
  7200K .......... .......... .......... .......... .......... 63%  104K 64s
  7250K .......... .......... .......... .......... .......... 64%  188K 63s
  7300K .......... .......... .......... .......... .......... 64%  104K 62s
  7350K .......... .......... .......... .......... .......... 64% 69.3K 61s
  7400K .......... .......... .......... .......... .......... 65% 50.7K 61s
  7450K .......... .......... .......... .......... .......... 65% 84.3K 60s
  7500K .......... .......... .......... .......... .......... 66%  103K 59s
  7550K .......... .......... .......... .......... .......... 66%  132K 58s
  7600K .......... .......... .......... .......... .......... 67% 69.0K 57s
  7650K .......... .......... .......... .......... .......... 67% 67.4K 56s
  7700K .......... .......... .......... .......... .......... 67% 63.0K 56s
  7750K .......... .......... .......... .......... .......... 68% 41.2K 55s
  7800K .......... .......... .......... .......... .......... 68% 70.4K 54s
  7850K .......... .......... .......... .......... .......... 69% 72.0K 54s
  7900K .......... .......... .......... .......... .......... 69%  108K 53s
  7950K .......... .......... .......... .......... .......... 70%  108K 52s
  8000K .......... .......... .......... .......... .......... 70% 93.5K 51s
  8050K .......... .......... .......... .......... .......... 71% 60.9K 50s
  8100K .......... .......... .......... .......... .......... 71% 76.5K 49s
  8150K .......... .......... .......... .......... .......... 71% 64.5K 49s
  8200K .......... .......... .......... .......... .......... 72% 18.9K 49s
  8250K .......... .......... .......... .......... .......... 72% 45.7K 48s
  8300K .......... .......... .......... .......... .......... 73% 57.9K 47s
  8350K .......... .......... .......... .......... .......... 73%  106K 46s
  8400K .......... .......... .......... .......... .......... 74% 95.4K 45s
  8450K .......... .......... .......... .......... .......... 74%  107K 45s
  8500K .......... .......... .......... .......... .......... 74% 58.2K 44s
  8550K .......... .......... .......... .......... .......... 75% 71.4K 43s
  8600K .......... .......... .......... .......... .......... 75% 36.3K 42s
  8650K .......... .......... .......... .......... .......... 76% 28.9K 42s
  8700K .......... .......... .......... .......... .......... 76% 43.0K 41s
  8750K .......... .......... .......... .......... .......... 77% 61.1K 41s
  8800K .......... .......... .......... .......... .......... 77%  102K 40s
  8850K .......... .......... .......... .......... .......... 78% 78.9K 39s
  8900K .......... .......... .......... .......... .......... 78% 82.7K 38s
  8950K .......... .......... .......... .......... .......... 78% 42.5K 37s
  9000K .......... .......... .......... .......... .......... 79% 68.1K 37s
  9050K .......... .......... .......... .......... .......... 79%  103K 36s
  9100K .......... .......... .......... .......... .......... 80% 67.5K 35s
  9150K .......... .......... .......... .......... .......... 80% 53.6K 34s
  9200K .......... .......... .......... .......... .......... 81% 35.5K 34s
  9250K .......... .......... .......... .......... .......... 81% 49.1K 33s
  9300K .......... .......... .......... .......... .......... 82%  107K 32s
  9350K .......... .......... .......... .......... .......... 82% 72.5K 31s
  9400K .......... .......... .......... .......... .......... 82%  103K 30s
  9450K .......... .......... .......... .......... .......... 83%  173K 30s
  9500K .......... .......... .......... .......... .......... 83%  104K 29s
  9550K .......... .......... .......... .......... .......... 84%  105K 28s
  9600K .......... .......... .......... .......... .......... 84% 52.5K 27s
  9650K .......... .......... .......... .......... .......... 85% 69.3K 26s
  9700K .......... .......... .......... .......... .......... 85%  104K 26s
  9750K .......... .......... .......... .......... .......... 85%  105K 25s
  9800K .......... .......... .......... .......... .......... 86%  103K 24s
  9850K .......... .......... .......... .......... .......... 86% 97.5K 23s
  9900K .......... .......... .......... .......... .......... 87% 50.7K 22s
  9950K .......... .......... .......... .......... .......... 87%  105K 22s
 10000K .......... .......... .......... .......... .......... 88% 53.1K 21s
 10050K .......... .......... .......... .......... .......... 88% 43.0K 20s
 10100K .......... .......... .......... .......... .......... 89% 32.3K 19s
 10150K .......... .......... .......... .......... .......... 89% 71.2K 19s
 10200K .......... .......... .......... .......... .......... 89%  105K 18s
 10250K .......... .......... .......... .......... .......... 90% 71.7K 17s
 10300K .......... .......... .......... .......... .......... 90%  149K 16s
 10350K .......... .......... .......... .......... .......... 91%  132K 15s
 10400K .......... .......... .......... .......... .......... 91% 53.7K 15s
 10450K .......... .......... .......... .......... .......... 92% 35.9K 14s
 10500K .......... .......... .......... .......... .......... 92% 53.2K 13s
 10550K .......... .......... .......... .......... .......... 92% 70.4K 12s
 10600K .......... .......... .......... .......... .......... 93% 92.3K 12s
 10650K .......... .......... .......... .......... .......... 93% 79.9K 11s
 10700K .......... .......... .......... .......... .......... 94%  106K 10s
 10750K .......... .......... .......... .......... .......... 94%  153K 9s
 10800K .......... .......... .......... .......... .......... 95% 45.7K 8s
 10850K .......... .......... .......... .......... .......... 95% 97.6K 8s
 10900K .......... .......... .......... .......... .......... 96% 71.8K 7s
 10950K .......... .......... .......... .......... .......... 96% 80.8K 6s
 11000K .......... .......... .......... .......... .......... 96%  104K 5s
 11050K .......... .......... .......... .......... .......... 97% 54.0K 5s
 11100K .......... .......... .......... .......... .......... 97% 48.4K 4s
 11150K .......... .......... .......... .......... .......... 98% 43.0K 3s
 11200K .......... .......... .......... .......... .......... 98% 36.0K 2s
 11250K .......... .......... .......... .......... .......... 99% 23.4K 2s
 11300K .......... .......... .......... .......... .......... 99% 40.3K 1s
 11350K .......... .......... .......... .......... .......... 99% 69.5K 0s
 11400K .                                                     100% 31.6K=2m58s

2017-04-26 10:59:35 (64.2 KB/s) - ‘book.pdf’ saved [11675219/11675219]

