--2017-04-26 10:47:37--  http://www.robots.ox.ac.uk/~az/lectures/b1/lect1.pdf
Resolving www.robots.ox.ac.uk... 129.67.94.2
Connecting to www.robots.ox.ac.uk|129.67.94.2|:80... connected.
HTTP request sent, awaiting response... 200 OK
Length: 1626054 (1.5M) [application/pdf]
Saving to: ‘lect1.pdf’

     0K .......... .......... .......... .......... ..........  3% 82.5K 19s
    50K .......... .......... .......... .......... ..........  6%  171K 13s
   100K .......... .......... .......... .......... ..........  9%  166K 11s
   150K .......... .......... .......... .......... .......... 12%  419K 9s
   200K .......... .......... .......... .......... .......... 15%  258K 8s
   250K .......... .......... .......... .......... .......... 18%  503K 7s
   300K .......... .......... .......... .......... .......... 22%  250K 6s
   350K .......... .......... .......... .......... ..--2017-04-26 10:47:40--  http://www.robots.ox.ac.uk/~az/lectures/b1/lect2.pdf
Resolving www.robots.ox.ac.uk... 129.67.94.2
Connecting to www.robots.ox.ac.uk|129.67.94.2|:80... ........ 25%  522K 6s
   400K .......... .......... .......... .......... .......... 28% 5.04M 5s
   450K .......... .......... .......... .......... .......... 31%  289K 5s
   500K .......... .......... ........connected.
HTTP request sent, awaiting response... .. .......... .......... 34%  159K 5s
   550K .......... .......... .......... .......... .......... 37%  256M 4s
   600K .......... .......... .......... .......... .......... 40%  235M 3s
   650K .......... .......... .......... .......... .......... 44%  286M 3s
   700K .......... .......... .......... .......... .......... 47%  244M 3s
   750K .......... .......... .......... .........200 OK
Length: 6612893 (6.3M) [application/pdf]
Saving to: ‘lect2.pdf’

     0K .......... ... .......... 50%  174K 3s
   800K .......... .......... .......... .......... .......... 53% 3.45M 2s
   850K .......... ................. .......... .......... .......... .......... 56%  162K 2s
   900K .......... .......... .......... ... .......... ..........  0% 81.8K 78s
    50K .......... ........... .......... 59%  501K 2s
   950K .......... .......... .......... .......... .......... 62%  246K 2s
  1000K .......... .......... ............... .......... .......... ..........  1%  160K 59s
   100K .......... ... .......... .......... 66%  499K 2s
  1050K .......... .......... .......... .......... .......... 69%  240K 2s
  1100K .......... .......... .......... .......... .......... 72% 8.96M 1s
  1150K ............... .......... .......... ............. .......... .......... .......... .......... 75%  485K 1s
  1200K .....  2%  115K 57s
   150K .......... ........ .......... .......... .......... .......... 78%  241K 1s
  1250K .......... .......... .......... ........... .......... .......... .......... .......... 81%  497K 1s
  1300K .......... .......... .......... .......... ..............  3%  160K 52s
   200K ....... 85%  496K 1s
  1350K .......... .......... .......... .......... .......... 88%  492K 1s
  1400K ................ .......... .......... ........ .......... .......... .......... .......... 91%  512K 0s
  1450K .......... .......... .......... .......... .......... 94% 4.04M 0s
  1500K ........... .......... .......... .......... .......... .......... 97%  260K 0s
  1550K .......... .......... .--2017-04-26 10:47:43--  http://www.robots.ox.ac.uk/~az/lectures/b1/lect3.pdf
Resolving www.robots.ox.ac.uk... 129.67.94.2
Connecting to www.robots.ox.ac.uk|129.67.94.2|:80... .  3%  101K 54s
   250K .......... .......... .......... ........... .......              100%  388K=4.6s

2017-04-26 10:47:43 (342 KB/s) - ‘lect1.pdf’ saved [1626054/1626054]

........ ..........  4%  445K 47s
   300K .......connected.
HTTP request sent, awaiting response... ... .......... .......... .......... ..........  5%  126K 47s
   350K .......... .....200 OK
Length: 5188523 (4.9M) [application/pdf]
Saving to: ‘lect3.pdf’
..... .
     0K .......... ........... .......... ..........  6%  168K 45s
   400K .......... .......... ................. .......... ... .......... ..........  6%  165K 44s
   450K .......... .......... .......... .......... ........... ..........  0% 79.4K 63s
    50K .......... ..........  7%  255K 41s.....
   500K .......... .......... .......... .......... ..........  8%  439K 38s
   550K ........ .......... .......... ..........  1%  156K 47s
   100K .......... ........ ............ ..... .......... .......... ..........  9%  161K 38s
   600K .......... ................... .......... ..........  2%  169K 41s
   150K .......... ......... .......... .... .......... .......... ............... .......... 10%  164K 38s
   650K .......... .......... .......... .....  3%  163K 38s
   200K .......... .......... .......... .......... ..........  4% 2.66M 30s
   250K .......... .......... ......... .............. .......... ..........  5%  496K 27s
   300K .......... .......... ....... 10%  173K 37s
   700K .......... .......... .......... .......... .............. .......... ..........  6%  259K 25s
   350K .......... .......... .......... .......... ......... 11%  355K 35s...
   750K .......... ......  7%  540K 23s
   400K .......... .......... .......... .......... ..........  8% 2.58M 20s
   450K .......... ........ .......... .......... .......... 12%  273K 34s
   800K .......... ........ ............ ........... ........ .......... ..........  9%  256K 20s
   500K .......... .......... .......... .......... .......... 10%  524K 19s
   550K .......... .......... .......... .................. .......... 13%  175K 34s
   850K .......... .......... .... .......... 11%  246K 18s
   600K .......... ................ .......... .......... 13%  397K 32s
   900K ....... .......... .......... .......... 12% 3.26M 17s
   650K .......... .......... .......... .......... .......... 13%  541K 16s
   700K .......... .......... .......... .......... .......... .......... .......... .......... 14%  248K 31s
   950K ........... .......... 14%  245K 16s
   750K .......... .......... .......... ... .......... .......... .......... .......... 15%  429K 30s
  1000K ........... .......... 15%  508K 15s
   800K .......... .......... .......... .......... .......... 16% 6.52M 14s
   850K .......... .......... ............ .......... .......... .......... .......... 16%  264K 30s
  1050K .......... ........... .......... .......... 17%  471K 14s
   900K .......... .......... .......... ....... .......... .......... .......... 17%  430K 28s
  1100K .......... .......... .......... 18%  465K 13s
   950K .......... .......... .......... .......... .......... 19%  528K 13s
  1000K .......... .......... .......... .............. .......... .......... .......... 17%  261K 28s
  1150K .............. .......... 20%  484K 13s
  1050K .......... .......... .......... .......... ......... .......... .......... .......... .......... 18%  442K 27s
  1200K .......... 21%  470K 12s
  1100K .......... .......... .......... .......... .......... 22%  530K 12s
  1150K .......... .......... .......... .......... ... .......... .......... .......... .......... 19%  367K 26s
  1250K .......... .......... ............. 23%  469K 12s
  1200K .......... .......... .......... .......... ....... .......... .......... 20%  288K 26s
  1300K .......... .......... .......... .......... ............. 24%  434K 11s
  1250K .......... .......... .......... .......... .......... 25%  553K 11s
  1300K .......... .......... .......... .......... .......... 26% 3.48M 11s
  1350K ......... 20%  427K 25s
  1350K .......... .......... .......... ........... .......... .......... .......... .......... 21%  679K 24s
  1400K .......... ........... .......... 27%  477K 10s
  1400K .......... .......... ....... .......... .......... .......... 22%  377K 23s
  1450K .......... .......... .......... .......... ............... .......... .......... 28%  436K 10s
  1450K .......... .......... .......... .......... .......... 29%  555K 10s
  1500K .......... .......... .......... .......... ....... 23%  456K 23s
  1500K .......... ...... 30% 1.78M 9s
  1550K ................... .......... .......... .......... 24%  734K 22s
  1550K .......... .......... .......... ... .......... .......... .......... .......... 31%  604K 9s
  1600K ............... .......... ....... .......... 24%  358K 22s
  1600K .......... .......... .......... ............. .......... .......... 32%  408K 9s
  1650K .......... .......... .......... .......... .......... 33%  590K 9s
  1700K .......... .......... .......... ....... .......... 25%  461K 21s
  1650K .......... .......... ............... .......... 34% 1.71M 8s
  1750K ....... .......... .......... 26% 1.19M 20s
  1700K .......... .......... .......... .......... .......... 27% 1.25M 20s
  1750K .......... ........ .......... .......... .......... .............. .. 35%  315K 8s
  1800K .......... .......... ............ .......... .......... 27%  406K 19s
  1800K .......... .......... ................ .......... .......... 36% 1.48M 8s
  1850K .......... .......... .......... .......... .......... 37%  602K 8s
  1900K .......... .......... ....... .......... ...... .......... .......... 38% 1.59M 8s
  1950K .......... .............. 28%  357K 19s
  1850K .......... .......... .......... .......... .......... 29% 2.51M 18s
  1900K .......... .......... .......... .......... .......... 30% 2.73M 18s
  1950K .......... .......... .............. .......... .......... ......... .......... 39%  332K 8s
  2000K .......... .......... .. .......... 30%  438K 17s
  2000K .......... ................... .......... .......... 40% 1.73M 7s
  2050K .......... .......... .......... .......... .......... 41%  523K 7s
  2100K .......... ....... .......... .......... .......... 31%  438K 17s
  2050K ........... .......... .......... .......... 42% 1.20M 7s
  2150K .......... .......... .......... ... .......... .......... .......... .......... 32%  815K 16s
  2100K .......... .......... .......... .......... .......... 33% 3.59M 16s
  2150K .............. .......... 43%  853K 7s
  2200K .......... .......... .......... .......... .......... 34%  480K 15s
  2200K .......... ...... .......... ........... .......... .......... ................. .......... .......... 44%  249K 7s
  2250K .......... .......... .......... .......... .......... 45% 8.99M 6s
  2300K .......... .......... .......... ... 34%  392K 15s
  2250K .......... .......... ............ .......... 46% 1.02M 6s
  2350K .......... .......... .......... .......... .......... 47% 5.45M 6s
  2400K .......... .......... .......... .......... 35% 1008K 15s
  2300K .......... .......... .......... .......... .......... 36% 2.06M 14s
  2350K .......... .......... .......... .......... .......... 37% 6.44M 14s
  2400K .......... ............ .......... ......... .......... .......... .......... 37%  499K 14s
  2450K .......... .......... .......... 48%  363K 6s
  2450K ....... .......... .......... .......... 38% 4.57M 13s
  2500K .......... ............... .......... .......... .......... .......... 49%  426K 6s
  2500K .......... .......... .......... .......... .......... 50% 9.95M 6s
  2550K .......... ...... ................ .......... .......... .......... 51% 1.17M 5s
  2600K .......... .......... ....... .......... .......... 39%  305K 13s
  2550K .......... .......... .......... .......... .......... 40% 3.87M 13s
  2600K .......... .......... .......... .......... .......... 41% 4.02M 12s
  2650K .......... .......... .......... .......... .......... 41% 3.45M 12s
  2700K ........ .......... .......... 52%  964K 5s
  2650K .......... ................ .......... .......... .......... .......... .......... .......... 42%  487K 12s
  2750K .......... .......... .......... ... .......... 53%  268K 5s
  2700K .......... .......... .......... .......... .......... 54% 2.58M 5s
  2750K ........... .......... 43%  457K 11s
  2800K .......... ............. .......... .......... .......... .......... 55% 3.95M 5s
  2800K .......... .......... .......... .......... .......... 56% 1.37M 5s
  2850K .......... .......... ............ .. .......... .......... .......... 44%  821K 11s
  2850K .......... .......... .......... .......... .......... 44% 4.68M 11s
  2900K .......... .......... .......... .......... .......... 45% 8.01M 10s
  2950K .......... .......... .......... .......... .......... 46% 3.77M 10s
  3000K .......... ............. .......... .......... .............. 57%  373K 5s
  2900K .......... .......... .......... .......... ....... .......... 47%  503K 10s
  3050K .......... .......... .......... .......... .......... 48% 3.97M 10s
  3100K .......... .......... ........... 58%  515K 4s
  2950K .......... .......... .......... .......... .......... 59% 2.22M 4s
  3000K .......... .......... .......... .......... .......... 60% 5.28M 4s
  3050K .......... .......... .......... .......... .......... 61% 1.48M 4s
  3100K .......... .......... .......... ......... .......... .......... 48%  313K 10s
  3150K .......... .......... .......... .......... .......... 49% 3.11M 9s
  3200K .......... .......... .......... .......... .......... 50% 8.98M 9s
  3250K .......... .......... .......... .......... .......... 51% 4.79M 9s
  3300K .......... .......... .......... .......... .......... 51% 12.3M 8s
  3350K ........... .......... 62%  890K 4s
  3150K .......... ...... .......... .......... .......... .......... 52%  585K 8s........ .......... .......... .........
  3400K .......... .......... .......... .......... .......... 53% 1.77M 8s
  3450K .......... .......... .......... .... 63%  272K 4s
  3200K .......... .......... .......... .......... .......... 64% 2.66M 4s
  3250K .......... .......... .......... .......... .......... 65% 4.26M 4s
  3300K .......... .......... .......... .......... .......... 66% 1.86M 3s
  3350K .......... .......... .......... .......... ........... .......... 54%  312K 8s
  3500K .......... .......... .......... .......... .......... 54% 3.42M 8s
  3550K .......... .......... .......... .......... .......... 55% 2.73M 7s
  3600K .......... .......... .......... .......... .......... 56% 5.64M 7s
  3650K .......... .......... .......... .......... .......... 57% 7.28M 7s
  3700K .......... .......... .......... .............. 67%  604K 3s
  3400K .......... .......... .......... .......... .......... 68% 4.68M 3s
  3450K ...... .......... 58%  731K 7s
  3750K .......... .......... .......... .......... .......... 58% 7.40M 7s
  3800K .............. .......... .......... .......... .......... 59% 1.80M 6s
  3850K .......... ....... .......... .......... .......... ........... .......... .......... .......... 60%  324K 6s
  3900K .......... .......... .......... .......... .......... 61% 2.11M 6s
  3950K .......... .......... .......... .......... .......... 61% 4.91M 6s
  4000K .......... .......... .......... .......... .......... 62% 6.25M 6s
  4050K .......... .......... .......... .......... .......... 63% 2.86M 6s
  4100K .......... .......... .......... .......... .......... 64% 9.18M 5s
  4150K .......... .......... .......... .......... .......... 65%  824K 5s
  4200K .......... .......... .......... .......... .......... 65% 5.09M 5s
  4250K .......... .......... .......... .......... .......... 66% 3.05M 5s
  4300K .............. 69%  105K 3s
  3500K .......... .......... .......... .......... .......... 70% 5.30M 3s
  3550K .......... .......... .......... .......... .......... 71%  178M 3s
  3600K .......... .......... .......... .......... .......... 72%  129M 3s
  3650K .......... .......... .......... .......... .......... 73%  202M 3s
  3700K .......... .......... .......... .......... .......... 74%  258M 3s
  3750K .......... .......... .......... .......... .......... 74% 7.17M 2s
  3800K .......... ... .......... .......... .......... ......... .......... .......... .......... 75% 1.59M 2s
  3850K .......... .......... .......... .......... .......... 67%  309K 5s
  4350K .......... .......... .......... .......... .......... 68% 2.87M 5s
  4400K .......... .......... .......... .......... .......... 68% 6.17M 5s
  4450K .......... .......... .......... .......... .......... 69% 8.81M 4s
  4500K .......... .......... .......... .......... .......... 70% 2.64M 4s
  4550K .......... .......... .......... .......... .......... 71% 4.35M 4s
  4600K .......... .......... ................. 76%  510K 2s
  3900K .......... .......... .......... 72%  907K 4s
  4650K .......... .......... .......... .......... .......... 72% 2.14M 4s
  4700K .......... .......... .......... .......... .......... 73% 8.22M 4s
  4750K ....... .......... .......... .......... .......... 77%  325K 2s
  3950K .......... .......... .......... .......... .......... 78% 4.32M 2s
  4000K .......... .......... .......... ....... .......... .......... .......... .......... 74%  491K 4s
  4800K .......... ................. .......... 79% 1.72M 2s
  4050K .......... .......... .......... .......... .......... 80% 1.17M 2s
  4100K .......... ....... .......... .......... ............. 75%  680K 3s
  4850K .......... .......... .......... .......... .......... 75% 10.7M 3s
  4900K .......... .......... .......... .......... .......... 76% 6.69M 3s
  4950K .......... .......... .......... .......... .......... 77% 6.22M 3s
  5000K .......... .......... .......... .......... .......... 78% 10.7M 3s
  5050K .......... .......... .......... .......... .......... 78% 3.10M 3s
  5100K .......... .......... .......... ........ .......... .......... .......... 79% 1.04M 3s
  5150K .......... .......... .......... .......... .......... 80% 3.06M 3s
  5200K .......... .......... .......... .......... .......... 81% 2.68M 2s
  5250K .......... ....... .......... 81%  239K 2s
  4150K .......... .......... .......... .......... .......... 82% 3.43M 2s
  4200K .......... .......... .......... .......... .......... 83% 6.16M 1s
  4250K ............... .......... .......... .......... 82%  508K 2s
  5300K .......... .......... ......... .......... .......... .......... .......... 84% 1.04M 1s
  4300K .......... .......... .......... .......... ..... .......... .......... 82%  459K 2s
  5350K .......... .......... .......... .......... .......... 83% 11.5M 2s
  5400K .......... .......... .......... .......... ............... 85%  570K 1s
  4350K .......... .......... .......... .......... .......... 86%  339K 1s
  4400K .......... .......... .......... .......... .......... 87% 2.36M 1s
  4450K .......... .......... .......... .......... .......... 88% 2.26M 1s
  4500K .......... .......... .......... .......... .......... 89% 1.97M 1s
  4550K .......... .......... .......... .......... ...... 84%  161K 2s
  5450K .......... .......... .......... .......... .......... 85% 4.46M 2s
  5500K .......... .......... .......... .......... .............. 85% 1.92M 2s
  5550K .......... .......... .......... .......... .......... 86% 7.51M 2s
  5600K .......... .......... .......... .......... .......... 87%  201M 2s
  5650K .......... .......... .......... .......... .......... 88%  181M 1s
  5700K .......... .......... .......... .......... .......... 89%  248M 1s
  5750K .......... .......... .......... .......... .......... 89%  218M 1s
  5800K .......... .......... .......... .......... .......... 90%  206M 1s
  5850K .......... .......... .......... .......... .......... 91%  253M 1s
  5900K .......... .......... .......... .......... .......... 92%  273M 1s
  5950K .......... .......... .......... .......... .......... 92% 6.77M 1s
  6000K .......... .......... .......... .......... .......... 93% 2.12M 1s
  6050K .......... ...... 90%  246K 1s
  4600K .......... .......... .......... .......... .......... 91% 1.81M 1s
  4650K .......... .......... .......... .......... .......... 92% 1.28M 1s
  4700K .......... ............ ......... .......... .......... .......... 94%  419K 1s
  6100K .......... .......... ............. .......... .......... 93% 2.46M 1s
  4750K .......... .......... .......... .......... .......... 94% 9.22M 0s
  4800K .......... .......... ...... .......... .......... 95%  595K 1s
  6150K .......... .......... .......... ......... .......... ......... ............... 96% 2.00M 0s
  6200K .......... .......... .......... .......... .......... 96% 5.19M 0s
  6250K .......... .......... .......... .......... .......... 97% 5.12M 0s
  6300K .......... .......... .......... .......... ...... 95%  423K 0s
  4850K ......... 98% 4.12M 0s
  6350K .......... .......... .......... .......... .......... 99% 2.37M 0s
  6400K .......... .......... .......... .......... .......... 99% 1.88M 0s
  6450K .......                                               100% 6.54M=11s

2017-04-26 10:47:52 (568 KB/s) - ‘lect2.pdf’ saved [6612893/6612893]

....... .......... .......... .......... .......... 96%  466K 0s
  4900K .......... .......... .......... .......... .......... 97% 1.01M 0s
  4950K .......... .......... .......... .......... .......... 98% 3.22M 0s
  5000K .......... .......... .......... .......... .......... 99%  843K 0s
  5050K .......... ......                                     100% 6.56M=8.8s

2017-04-26 10:47:52 (576 KB/s) - ‘lect3.pdf’ saved [5188523/5188523]

--2017-04-26 10:47:54--  http://www.robots.ox.ac.uk/~az/lectures/b1/lect4.pdf
Resolving www.robots.ox.ac.uk... 129.67.94.2
Connecting to www.robots.ox.ac.uk|129.67.94.2|:80... connected.
HTTP request sent, awaiting response... 200 OK
Length: 2087857 (2.0M) [application/pdf]
Saving to: ‘lect4.pdf’

     0K .......... .......... .......... .......... ..........  2% 83.8K 24s
    50K .......... .......... .......... .......... ..........  4%  127K 19s
   100K .......... .......... .......... .......... ..........  7%  255K 15s
   150K .......... .......... .......... .......... ..........  9%  219K 13s
   200K .......... .......... .......... .......... .......... 12%  694K 11s
   250K .......... .......... .......... .......... .......... 14%  224K 10s
   300K .......... .......... .......... .......... .......... 17%  719K 9s
   350K .......... .......... .......... .......... .......... 19%  523K 8s
   400K .......... .......... .......... .......... .......... 22%  364K 7s
   450K .......... .......... .......... .......... .......... 24%  135K 7s
   500K .......... .......... .......... .......... .......... 26% 27.6M 6s
   550K .......... .......... .......... .......... .......... 29%  215M 6s
   600K .......... .......... .......... .......... .......... 31%  267M 5s
   650K .......... .......... .......... .......... .......... 34% 2.88M 5s
   700K .......... .......... .......... .......... .......... 36%  180K 5s
   750K .......... .......... .......... .......... .......... 39% 2.96M 4s
   800K .......... .......... .......... .......... .......... 41%  164K 4s
   850K .......... .......... .......... .......... .......... 44%  218M 4s
   900K .......... .......... .......... .......... .......... 46%  177M 3s
   950K .......... .......... .......... .......... .......... 49%  187K 3s
  1000K .......... .......... .......... .......... .......... 51% 1.92M 3s
  1050K .......... .......... .......... .......... .......... 53%  196K 3s
  1100K .......... .......... .......... .......... .......... 56% 1.99M 3s
  1150K .......... .......... .......... .......... .......... 58%  191K 3s
  1200K .......... .......... .......... .......... .......... 61% 1.49M 2s
  1250K .......... .......... .......... .......... .......... 63%  148K 2s
  1300K .......... .......... .......... .......... .......... 66%  135M 2s
  1350K .......... .......... .......... .......... .......... 68%  211K 2s
  1400K .......... .......... .......... .......... .......... 71%  788K 2s
  1450K .......... .......... .......... .......... .......... 73%  189K 2s
  1500K .......... .......... .......... .......... .......... 76%  203K 2s
  1550K .......... .......... .......... .......... .......... 78%  757K 1s
  1600K .......... .......... .......... .......... .......... 80%  167K 1s
  1650K .......... .......... .......... .......... .......... 83% 1.03M 1s
  1700K .......... .......... .......... .......... .......... 85%  178K 1s
  1750K .......... .......... .......... .......... .......... 88%  271K 1s
  1800K .......... .......... .......... .......... .......... 90%  144K 1s
  1850K .......... .......... .......... .......... .......... 93% 1.14M 0s
  1900K .......... .......... .......... .......... .......... 95%  237K 0s
  1950K .......... .......... .......... .......... .......... 98%  245K 0s
  2000K .......... .......... .......... ........             100%  205K=6.9s

2017-04-26 10:48:01 (296 KB/s) - ‘lect4.pdf’ saved [2087857/2087857]

--2017-04-26 10:48:24--  http://www.robots.ox.ac.uk/~az/lectures/b1/examples.pdf
Resolving www.robots.ox.ac.uk... 129.67.94.2
Connecting to www.robots.ox.ac.uk|129.67.94.2|:80... connected.
HTTP request sent, awaiting response... 200 OK
Length: 130279 (127K) [application/pdf]
Saving to: ‘examples.pdf’

     0K .......... .......... .......... .......... .......... 39% 80.2K 1s
    50K .......... .......... .......... .......... .......... 78%  164K 0s
   100K .......... .......... .......                         100% 90.9K=1.2s

2017-04-26 10:48:26 (104 KB/s) - ‘examples.pdf’ saved [130279/130279]

--2017-04-26 10:48:41--  http://www.robots.ox.ac.uk/~az/lectures/b1/answers.pdf
Resolving www.robots.ox.ac.uk... 129.67.94.2
Connecting to www.robots.ox.ac.uk|129.67.94.2|:80... connected.
HTTP request sent, awaiting response... 200 OK
Length: 82954 (81K) [application/pdf]
Saving to: ‘answers.pdf’

     0K .......... .......... .......... .......... .......... 61% 79.3K 0s
    50K .......... .......... .......... .                    100% 55.9K=1.2s

2017-04-26 10:48:43 (68.3 KB/s) - ‘answers.pdf’ saved [82954/82954]

--2017-04-26 10:49:40--  http://www.robots.ox.ac.uk/~az/lectures/b1/vandenberghe_1_2.pdf
Resolving www.robots.ox.ac.uk... 129.67.94.2
Connecting to www.robots.ox.ac.uk|129.67.94.2|:80... connected.
HTTP request sent, awaiting response... 200 OK
Length: 581399 (568K) [application/pdf]
Saving to: ‘vandenberghe_1_2.pdf’

     0K .......... .......... .......... .......... ..........  8% 90.7K 6s
    50K .......... .......... .......... .......... .......... 17%  173K 4s
   100K .......... .......... .......... .......... .......... 26%  182K 3s
   150K .......... .......... .......... .......... .......... 35%  178K 3s
   200K .......... .......... .......... .......... .......... 44%  171K 2s
   250K .......... .......... .......... .......... .......... 52%  439K 2s
   300K .......... .......... .......... .......... .......... 61%  176K 1s
   350K .......... .......... .......... .......... .......... 70%  248K 1s
   400K .......... .......... .......... .......... .......... 79%  261K 1s
   450K .......... .......... .......... .......... .......... 88%  268K 0s
   500K .......... .......... .......... .......... .......... 96%  185K 0s
   550K .......... .......                                    100% 1.00M=3.0s

2017-04-26 10:49:43 (192 KB/s) - ‘vandenberghe_1_2.pdf’ saved [581399/581399]

--2017-04-26 10:50:24--  http://www.cs.cmu.edu/~quake-papers/painless-conjugate-gradient.pdf
Resolving www.cs.cmu.edu... 128.2.217.13
Connecting to www.cs.cmu.edu|128.2.217.13|:80... connected.
HTTP request sent, awaiting response... 200 OK
Length: 515560 (503K) [application/pdf]
Saving to: ‘painless-conjugate-gradient.pdf’

     0K .......... .......... .......... .......... ..........  9% 44.3K 10s
    50K .......... .......... .......... .......... .......... 19%  184K 6s
   100K .......... .......... .......... .......... .......... 29%  215K 4s
   150K .......... .......... .......... .......... .......... 39%  214K 3s
   200K .......... .......... .......... .......... .......... 49%  215K 2s
   250K .......... .......... .......... .......... .......... 59%  117K 2s
   300K .......... .......... .......... .......... .......... 69% 46.8K 2s
   350K .......... .......... .......... .......... .......... 79% 21.1K 2s
   400K .......... .......... .......... .......... .......... 89% 53.2K 1s
   450K .......... .......... .......... .......... .......... 99% 48.8K 0s
   500K ...                                                   100% 4.55M=7.9s

2017-04-26 10:50:33 (63.5 KB/s) - ‘painless-conjugate-gradient.pdf’ saved [515560/515560]

--2017-04-26 10:50:41--  http://www.zib.eu/groetschel/pubnew/paper/abboudgroetschelkoch2008.pdf
Resolving www.zib.eu... 130.73.108.50
Connecting to www.zib.eu|130.73.108.50|:80... connected.
HTTP request sent, awaiting response... 200 OK
Length: 500934 (489K) [application/pdf]
Saving to: ‘abboudgroetschelkoch2008.pdf’

     0K .......... .......... .......... .......... .......... 10% 56.9K 8s
    50K .......... .......... .......... .......... .......... 20% 86.8K 6s
   100K .......... .......... .......... .......... .......... 30% 4.47M 3s
   150K .......... .......... .......... .......... .......... 40%  175K 3s
   200K .......... .......... .......... .......... .......... 51% 9.29M 2s
   250K .......... .......... .......... .......... .......... 61%  178K 1s
   300K .......... .......... .......... .......... .......... 71% 3.14M 1s
   350K .......... .......... .......... .......... .......... 81% 9.89M 0s
   400K .......... .......... .......... .......... .......... 91%  134K 0s
   450K .......... .......... .......... .........            100% 18.7K=4.5s

2017-04-26 10:50:47 (108 KB/s) - ‘abboudgroetschelkoch2008.pdf’ saved [500934/500934]

